
blinky.elf:     file format elf32-avr

Sections:
Idx Name          Size      VMA       LMA       File off  Algn
  0 .data         00000000  00800100  000000b2  00000126  2**0
                  CONTENTS, ALLOC, LOAD, DATA
  1 .text         000000b2  00000000  00000000  00000074  2**1
                  CONTENTS, ALLOC, LOAD, READONLY, CODE
  2 .comment      00000011  00000000  00000000  00000126  2**0
                  CONTENTS, READONLY
  3 .note.gnu.avr.deviceinfo 00000040  00000000  00000000  00000138  2**2
                  CONTENTS, READONLY
  4 .debug_aranges 00000020  00000000  00000000  00000178  2**3
                  CONTENTS, READONLY, DEBUGGING
  5 .debug_info   0000061a  00000000  00000000  00000198  2**0
                  CONTENTS, READONLY, DEBUGGING
  6 .debug_abbrev 000005b6  00000000  00000000  000007b2  2**0
                  CONTENTS, READONLY, DEBUGGING
  7 .debug_line   0000007e  00000000  00000000  00000d68  2**0
                  CONTENTS, READONLY, DEBUGGING
  8 .debug_str    0000028c  00000000  00000000  00000de6  2**0
                  CONTENTS, READONLY, DEBUGGING

Disassembly of section .text:

00000000 <__vectors>:
   0:	0c 94 34 00 	jmp	0x68	; 0x68 <__ctors_end>
   4:	0c 94 3e 00 	jmp	0x7c	; 0x7c <__bad_interrupt>
   8:	0c 94 3e 00 	jmp	0x7c	; 0x7c <__bad_interrupt>
   c:	0c 94 3e 00 	jmp	0x7c	; 0x7c <__bad_interrupt>
  10:	0c 94 3e 00 	jmp	0x7c	; 0x7c <__bad_interrupt>
  14:	0c 94 3e 00 	jmp	0x7c	; 0x7c <__bad_interrupt>
  18:	0c 94 3e 00 	jmp	0x7c	; 0x7c <__bad_interrupt>
  1c:	0c 94 3e 00 	jmp	0x7c	; 0x7c <__bad_interrupt>
  20:	0c 94 3e 00 	jmp	0x7c	; 0x7c <__bad_interrupt>
  24:	0c 94 3e 00 	jmp	0x7c	; 0x7c <__bad_interrupt>
  28:	0c 94 3e 00 	jmp	0x7c	; 0x7c <__bad_interrupt>
  2c:	0c 94 3e 00 	jmp	0x7c	; 0x7c <__bad_interrupt>
  30:	0c 94 3e 00 	jmp	0x7c	; 0x7c <__bad_interrupt>
  34:	0c 94 3e 00 	jmp	0x7c	; 0x7c <__bad_interrupt>
  38:	0c 94 3e 00 	jmp	0x7c	; 0x7c <__bad_interrupt>
  3c:	0c 94 3e 00 	jmp	0x7c	; 0x7c <__bad_interrupt>
  40:	0c 94 3e 00 	jmp	0x7c	; 0x7c <__bad_interrupt>
  44:	0c 94 3e 00 	jmp	0x7c	; 0x7c <__bad_interrupt>
  48:	0c 94 3e 00 	jmp	0x7c	; 0x7c <__bad_interrupt>
  4c:	0c 94 3e 00 	jmp	0x7c	; 0x7c <__bad_interrupt>
  50:	0c 94 3e 00 	jmp	0x7c	; 0x7c <__bad_interrupt>
  54:	0c 94 3e 00 	jmp	0x7c	; 0x7c <__bad_interrupt>
  58:	0c 94 3e 00 	jmp	0x7c	; 0x7c <__bad_interrupt>
  5c:	0c 94 3e 00 	jmp	0x7c	; 0x7c <__bad_interrupt>
  60:	0c 94 3e 00 	jmp	0x7c	; 0x7c <__bad_interrupt>
  64:	0c 94 3e 00 	jmp	0x7c	; 0x7c <__bad_interrupt>

00000068 <__ctors_end>:
  68:	11 24       	eor	r1, r1
  6a:	1f be       	out	0x3f, r1	; 63
  6c:	cf ef       	ldi	r28, 0xFF	; 255
  6e:	d8 e0       	ldi	r29, 0x08	; 8
  70:	de bf       	out	0x3e, r29	; 62
  72:	cd bf       	out	0x3d, r28	; 61
  74:	0e 94 40 00 	call	0x80	; 0x80 <main>
  78:	0c 94 57 00 	jmp	0xae	; 0xae <_exit>

0000007c <__bad_interrupt>:
  7c:	0c 94 00 00 	jmp	0	; 0x0 <__vectors>

00000080 <main>:
  80:	80 e2       	ldi	r24, 0x20	; 32
  82:	84 b9       	out	0x04, r24	; 4
  84:	85 b9       	out	0x05, r24	; 5
  86:	2f ef       	ldi	r18, 0xFF	; 255
  88:	33 ec       	ldi	r19, 0xC3	; 195
  8a:	99 e0       	ldi	r25, 0x09	; 9
  8c:	21 50       	subi	r18, 0x01	; 1
  8e:	30 40       	sbci	r19, 0x00	; 0
  90:	90 40       	sbci	r25, 0x00	; 0
  92:	e1 f7       	brne	.-8      	; 0x8c <main+0xc>
  94:	00 c0       	rjmp	.+0      	; 0x96 <main+0x16>
  96:	00 00       	nop
  98:	2d 98       	cbi	0x05, 5	; 5
  9a:	2f ef       	ldi	r18, 0xFF	; 255
  9c:	33 ee       	ldi	r19, 0xE3	; 227
  9e:	97 e5       	ldi	r25, 0x57	; 87
  a0:	21 50       	subi	r18, 0x01	; 1
  a2:	30 40       	sbci	r19, 0x00	; 0
  a4:	90 40       	sbci	r25, 0x00	; 0
  a6:	e1 f7       	brne	.-8      	; 0xa0 <main+0x20>
  a8:	00 c0       	rjmp	.+0      	; 0xaa <main+0x2a>
  aa:	00 00       	nop
  ac:	eb cf       	rjmp	.-42     	; 0x84 <main+0x4>

000000ae <_exit>:
  ae:	f8 94       	cli

000000b0 <__stop_program>:
  b0:	ff cf       	rjmp	.-2      	; 0xb0 <__stop_program>
